<?xml version="1.0" ?>
<dataset>
	<!-- Accounts -->
    <accounts id="1" user_id="1" account_path="default" account_private="0" account_active="1" river_quota_remaining="1" />
    <accounts id="2" user_id="2" account_path="public" account_private="0" account_active="1" river_quota_remaining="1" />
	<accounts id="3" user_id="3" account_path="user1" account_private="0" account_active="1" river_quota_remaining="93" />
	<accounts id="4" user_id="4" account_path="user2" account_private="0" account_active="1" river_quota_remaining="1" />
	<accounts id="5" user_id="5" account_path="user3" account_private="0" account_active="1" river_quota_remaining="1" />
	<accounts id="6" user_id="6" account_path="user4" account_private="0" account_active="1" river_quota_remaining="1" />
	<accounts id="7" user_id="7" account_path="user5" account_private="0" account_active="1" river_quota_remaining="1" />
	
	<!-- Buckets -->
    <buckets id="1" account_id="3" user_id="3" bucket_name="Testing Bucket 1" bucket_name_url="testing-bucket-1" bucket_publish="1" default_layout="drops" public_token="token" />
	<bucket_collaborators user_id="4" bucket_id="1" collaborator_active="1" read_only="0" />
	<bucket_collaborators user_id="5" bucket_id="1" collaborator_active="0" read_only="0" />
	<bucket_collaborators user_id="6" bucket_id="1" collaborator_active="1" read_only="1" />
	<bucket_subscriptions user_id="7" bucket_id="1" />
	<bucket_comments bucket_id="1" user_id="3" comment_content="Awesome" comment_date_add="2012-11-20 05:44:23" />
	<bucket_comment_scores bucket_comment_id="1" user_id="3" score="1" />
	<buckets_droplets id="1" bucket_id="1" droplet_id="2" />
	<buckets_droplets id="2" bucket_id="1" droplet_id="3" />
	<buckets_droplets id="3" bucket_id="1" droplet_id="4" />
	<buckets_droplets id="4" bucket_id="1" droplet_id="5" />
	
    <buckets id="2" account_id="3" user_id="3" bucket_name="Testing Bucket 2" bucket_name_url="testing-bucket-2" bucket_publish="0" default_layout="drops" />
	<buckets id="3" account_id="4" user_id="4" bucket_name="Testing Bucket 3" bucket_name_url="testing-bucket-3" bucket_publish="1" default_layout="drops" />
	<buckets id="4" account_id="4" user_id="4" bucket_name="Testing Bucket 4" bucket_name_url="testing-bucket-4" bucket_publish="0" default_layout="drops" />
	
	<!-- Identities -->
	<identities id="1" hash="1" channel="rss" identity_orig_id="1" identity_username="identity1" identity_name="identity1_name" identity_avatar="identity1_avatar" />
	<identities id="2" hash="2" channel="twitter" identity_orig_id="2" identity_username="identity2" identity_name="identity2_name" identity_avatar="identity2_avatar" />
	
	<!-- Drops -->
	<droplets id="1" identity_id="1" channel="rss" droplet_hash="1" droplet_orig_id="1" droplet_type="original" droplet_title="droplet_1_title" droplet_content="droplet_1_content" droplet_date_pub="2012-11-15 00:00:01" comment_count="0" />
	<droplets id="2" identity_id="1" channel="rss" droplet_hash="2" droplet_orig_id="2" droplet_type="original" droplet_title="droplet_2_title" droplet_content="droplet_2_content" droplet_date_pub="2012-11-15 00:00:02" comment_count="0" />
	<droplets id="3" identity_id="2" channel="twitter" droplet_hash="3" droplet_orig_id="3" droplet_type="original" droplet_title="droplet_3_title" droplet_content="droplet_3_content" droplet_date_pub="2012-11-15 00:00:03" comment_count="0" />
	<droplets id="4" identity_id="2" channel="twitter" droplet_hash="4" droplet_orig_id="4" droplet_type="original" droplet_title="droplet_4_title" droplet_content="droplet_4_content" droplet_date_pub="2012-11-15 00:00:04" comment_count="0" />
	<droplets id="5" identity_id="1" channel="rss" droplet_hash="5" droplet_orig_id="5" droplet_type="original" droplet_title="droplet_5_title" droplet_content="droplet_5_content" droplet_date_pub="2012-11-15 00:00:05" comment_count="0" />
	<droplets id="6" identity_id="2" channel="twitter" droplet_hash="6" droplet_orig_id="6" droplet_type="original" droplet_title="droplet_6_title" droplet_content="droplet_6_content" droplet_date_pub="2012-11-15 00:00:06" comment_count="0" />
	<droplets id="7" identity_id="1" channel="rss" droplet_hash="7" droplet_orig_id="7" droplet_type="original" droplet_title="droplet_7_title" droplet_content="droplet_7_content" droplet_date_pub="2012-11-15 00:00:07" comment_count="0" />
	<droplets id="8" identity_id="2" channel="twitter" droplet_hash="8" droplet_orig_id="8" droplet_type="original" droplet_title="droplet_8_title" droplet_content="droplet_8_content" droplet_date_pub="2012-11-15 00:00:08" comment_count="0" />
	<droplets id="9" identity_id="1" channel="rss" droplet_hash="9" droplet_orig_id="9" droplet_type="original" droplet_title="droplet_9_title" droplet_content="droplet_9_content" droplet_date_pub="2012-11-15 00:00:09" comment_count="0" />
	<droplets id="10" identity_id="2" channel="twitter" droplet_hash="10" droplet_orig_id="10" droplet_type="original" droplet_title="droplet_10_title" droplet_content="droplet_10_content" droplet_date_pub="2012-11-15 00:00:10" comment_count="0" />
</dataset>